[02:09:55] [main/INFO]: Loading Minecraft 1.20.1 with Fabric Loader 0.16.3
[02:09:56] [main/INFO]: Loading 4 mods:
	- fabricloader 0.16.3
	   \-- mixinextras 0.4.1
	- java 17
	- minecraft 1.20.1
[02:09:56] [main/INFO]: SpongePowered MIXIN Subsystem Version=0.8.7 Source=file:/workspaces/server-arkmiguitos/servidor_minecraft/libraries/net/fabricmc/sponge-mixin/0.15.2+mixin.0.8.7/sponge-mixin-0.15.2+mixin.0.8.7.jar Service=Knot/Fabric Env=SERVER
[02:10:01] [main/INFO]: Environment: authHost='https://authserver.mojang.com', accountsHost='https://api.mojang.com', sessionHost='https://sessionserver.mojang.com', servicesHost='https://api.minecraftservices.com', name='PROD'
[02:10:03] [main/INFO]: Loaded 7 recipes
[02:10:03] [main/INFO]: Loaded 1271 advancements
[02:10:03] [Server thread/INFO]: Starting minecraft server version 1.20.1
[02:10:03] [Server thread/INFO]: Loading properties
[02:10:03] [Server thread/INFO]: Default game type: SURVIVAL
[02:10:03] [Server thread/INFO]: Generating keypair
[02:10:03] [Server thread/INFO]: Starting Minecraft server on *:25565
[02:10:03] [Server thread/INFO]: Using epoll channel type
[02:10:04] [Server thread/WARN]: **** SERVER IS RUNNING IN OFFLINE/INSECURE MODE!
[02:10:04] [Server thread/WARN]: The server will make no attempt to authenticate usernames. Beware.
[02:10:04] [Server thread/WARN]: While this makes the game possible to play without internet access, it also opens up the ability for hackers to connect with any username they choose.
[02:10:04] [Server thread/WARN]: To change this, set "online-mode" to "true" in the server.properties file.
[02:10:04] [Server thread/INFO]: Preparing level "world"
[02:10:10] [Server thread/INFO]: Preparing start region for dimension minecraft:overworld
[02:10:11] [Worker-Main-1/INFO]: Preparing spawn area: 0%
[02:10:11] [Worker-Main-1/INFO]: Preparing spawn area: 0%
[02:10:11] [Worker-Main-2/INFO]: Preparing spawn area: 0%
[02:10:11] [Worker-Main-1/INFO]: Preparing spawn area: 0%
[02:10:12] [Worker-Main-3/INFO]: Preparing spawn area: 0%
[02:10:12] [Worker-Main-3/INFO]: Preparing spawn area: 1%
[02:10:13] [Worker-Main-2/INFO]: Preparing spawn area: 1%
[02:10:13] [Worker-Main-3/INFO]: Preparing spawn area: 2%
[02:10:14] [Worker-Main-2/INFO]: Preparing spawn area: 3%
[02:10:14] [Worker-Main-3/INFO]: Preparing spawn area: 4%
[02:10:15] [Worker-Main-1/INFO]: Preparing spawn area: 5%
[02:10:15] [Worker-Main-3/INFO]: Preparing spawn area: 6%
[02:10:16] [Worker-Main-3/INFO]: Preparing spawn area: 8%
[02:10:16] [Worker-Main-2/INFO]: Preparing spawn area: 9%
[02:10:17] [Worker-Main-1/INFO]: Preparing spawn area: 10%
[02:10:17] [Worker-Main-2/INFO]: Preparing spawn area: 13%
[02:10:18] [Worker-Main-3/INFO]: Preparing spawn area: 15%
[02:10:18] [Worker-Main-2/INFO]: Preparing spawn area: 17%
[02:10:19] [Worker-Main-3/INFO]: Preparing spawn area: 18%
[02:10:19] [Worker-Main-1/INFO]: Preparing spawn area: 21%
[02:10:20] [Worker-Main-3/INFO]: Preparing spawn area: 23%
[02:10:20] [Worker-Main-2/INFO]: Preparing spawn area: 25%
[02:10:21] [Worker-Main-3/INFO]: Preparing spawn area: 28%
[02:10:21] [Worker-Main-3/INFO]: Preparing spawn area: 30%
[02:10:22] [Worker-Main-3/INFO]: Preparing spawn area: 32%
[02:10:22] [Worker-Main-3/INFO]: Preparing spawn area: 34%
[02:10:23] [Worker-Main-3/INFO]: Preparing spawn area: 37%
[02:10:23] [Worker-Main-1/INFO]: Preparing spawn area: 39%
[02:10:24] [Worker-Main-3/INFO]: Preparing spawn area: 42%
[02:10:24] [Worker-Main-2/INFO]: Preparing spawn area: 43%
[02:10:25] [Worker-Main-3/INFO]: Preparing spawn area: 46%
[02:10:25] [Worker-Main-3/INFO]: Preparing spawn area: 49%
[02:10:26] [Worker-Main-3/INFO]: Preparing spawn area: 52%
[02:10:26] [Worker-Main-3/INFO]: Preparing spawn area: 54%
[02:10:27] [Worker-Main-1/INFO]: Preparing spawn area: 56%
[02:10:27] [Worker-Main-3/INFO]: Preparing spawn area: 58%
[02:10:28] [Worker-Main-3/INFO]: Preparing spawn area: 61%
[02:10:28] [Worker-Main-3/INFO]: Preparing spawn area: 64%
[02:10:29] [Worker-Main-1/INFO]: Preparing spawn area: 67%
[02:10:29] [Worker-Main-1/INFO]: Preparing spawn area: 69%
[02:10:30] [Worker-Main-1/INFO]: Preparing spawn area: 71%
[02:10:30] [Worker-Main-3/INFO]: Preparing spawn area: 74%
[02:10:31] [Worker-Main-3/INFO]: Preparing spawn area: 77%
[02:10:31] [Worker-Main-2/INFO]: Preparing spawn area: 81%
[02:10:32] [Worker-Main-3/INFO]: Preparing spawn area: 84%
[02:10:32] [Worker-Main-1/INFO]: Preparing spawn area: 86%
[02:10:33] [Worker-Main-3/INFO]: Preparing spawn area: 89%
[02:10:33] [Worker-Main-1/INFO]: Preparing spawn area: 92%
[02:10:34] [Worker-Main-1/INFO]: Preparing spawn area: 95%
[02:10:34] [Worker-Main-3/INFO]: Preparing spawn area: 99%
[02:10:34] [Server thread/INFO]: Time elapsed: 24603 ms
[02:10:34] [Server thread/INFO]: Done (30.837s)! For help, type "help"
[02:10:57] [Server thread/INFO]: Stopping the server
[02:10:57] [Server thread/INFO]: Stopping server
[02:10:57] [Server thread/INFO]: Saving players
[02:10:57] [Server thread/INFO]: Saving worlds
[02:10:58] [Server thread/INFO]: Saving chunks for level 'ServerLevel[world]'/minecraft:overworld
[02:10:59] [Server thread/INFO]: Saving chunks for level 'ServerLevel[world]'/minecraft:the_nether
[02:10:59] [Server thread/INFO]: Saving chunks for level 'ServerLevel[world]'/minecraft:the_end
[02:10:59] [Server thread/INFO]: ThreadedAnvilChunkStorage (world): All chunks are saved
[02:10:59] [Server thread/INFO]: ThreadedAnvilChunkStorage (DIM-1): All chunks are saved
[02:10:59] [Server thread/INFO]: ThreadedAnvilChunkStorage (DIM1): All chunks are saved
[02:10:59] [Server thread/INFO]: ThreadedAnvilChunkStorage: All dimensions are saved
